<?xml version="1.0" encoding="UTF-8"?>
<!-- Generated by org.testng.reporters.JUnitXMLReporter -->
<testsuite hostname="RABINDRA-PC" ignored="0" name="Default test" tests="4" failures="0" timestamp="22 Dec 2018 07:10:31 GMT" time="0.751" errors="0">
  <testcase name="test1" time="0.073" classname="com.selenium.framework.datadriven.suiteB.Test1">
    <skipped/>
  </testcase> <!-- test1 -->
  <testcase name="test1" time="0.062" classname="com.selenium.framework.datadriven.suiteB.Test1">
    <skipped/>
  </testcase> <!-- test1 -->
  <testcase name="test1" time="0.051" classname="com.selenium.framework.datadriven.suiteB.Test1">
    <skipped/>
  </testcase> <!-- test1 -->
  <testcase name="test1" time="0.054" classname="com.selenium.framework.datadriven.suiteB.Test1"/>
</testsuite> <!-- Default test -->
