<?xml version="1.0" encoding="UTF-8"?>
<!-- Generated by org.testng.reporters.JUnitXMLReporter -->
<testsuite hostname="RABINDRA-PC" ignored="0" name="Command line test" tests="8" failures="0" timestamp="18 Dec 2018 19:16:38 GMT" time="0.913" errors="0">
  <testcase name="test1" time="0.08" classname="com.selenium.framework.datadriven.suiteA.Test1"/>
  <testcase name="test1" time="0.057" classname="com.selenium.framework.datadriven.suiteA.Test1"/>
  <testcase name="test1" time="0.055" classname="com.selenium.framework.datadriven.suiteA.Test1"/>
  <testcase name="test1" time="0.057" classname="com.selenium.framework.datadriven.suiteA.Test1"/>
  <testcase name="test2" time="0.058" classname="com.selenium.framework.datadriven.suiteA.Test2"/>
  <testcase name="test3" time="0.0" classname="com.selenium.framework.datadriven.suiteA.Test3"/>
  <testcase name="test4" time="0.0" classname="com.selenium.framework.datadriven.suiteA.Test4"/>
  <testcase name="test1" time="0.001" classname="com.selenium.framework.datadriven.suiteA.Test5"/>
</testsuite> <!-- Command line test -->
