<?xml version="1.0" encoding="UTF-8"?>
<!-- Generated by org.testng.reporters.JUnitXMLReporter -->
<testsuite hostname="RABINDRA-PC" ignored="0" name="Test1" tests="4" failures="0" timestamp="22 Dec 2018 07:51:01 GMT" time="0.762" errors="0">
  <testcase name="test1" time="0.094" classname="com.selenium.framework.datadriven.suiteA.Test1"/>
  <testcase name="test1" time="0.053" classname="com.selenium.framework.datadriven.suiteA.Test1">
    <skipped/>
  </testcase> <!-- test1 -->
  <testcase name="test1" time="0.046" classname="com.selenium.framework.datadriven.suiteA.Test1"/>
  <testcase name="test1" time="0.05" classname="com.selenium.framework.datadriven.suiteA.Test1"/>
</testsuite> <!-- Test1 -->
