<?xml version="1.0" encoding="UTF-8"?>
<!-- Generated by org.testng.reporters.JUnitXMLReporter -->
<testsuite hostname="RABINDRA-PC" ignored="0" name="Test1" tests="4" failures="0" timestamp="22 Dec 2018 07:51:02 GMT" time="0.357" errors="0">
  <testcase name="test1" time="0.091" classname="com.selenium.framework.datadriven.suiteB.Test1">
    <skipped/>
  </testcase> <!-- test1 -->
  <testcase name="test1" time="0.12" classname="com.selenium.framework.datadriven.suiteB.Test1">
    <skipped/>
  </testcase> <!-- test1 -->
  <testcase name="test1" time="0.035" classname="com.selenium.framework.datadriven.suiteB.Test1">
    <skipped/>
  </testcase> <!-- test1 -->
  <testcase name="test1" time="0.048" classname="com.selenium.framework.datadriven.suiteB.Test1"/>
</testsuite> <!-- Test1 -->
